Build started 19/01/2017 13:52:27.
     1>Project "c:\Users\Roni\documents\visual studio 2013\Projects\SuperMarket\SuperMarket\SuperMarket.vcxproj" on node 2 (Build target(s)).
     1>Link:
         C:\Program Files (x86)\Microsoft Visual Studio 12.0\VC\bin\link.exe /ERRORREPORT:PROMPT /OUT:"c:\users\roni\documents\visual studio 2013\Projects\SuperMarket\Debug\SuperMarket.exe" /INCREMENTAL /NOLOGO kernel32.lib user32.lib gdi32.lib winspool.lib comdlg32.lib advapi32.lib shell32.lib ole32.lib oleaut32.lib uuid.lib odbc32.lib odbccp32.lib /MANIFEST /MANIFESTUAC:"level='asInvoker' uiAccess='false'" /manifest:embed /DEBUG /PDB:"c:\users\roni\documents\visual studio 2013\Projects\SuperMarket\Debug\SuperMarket.pdb" /SUBSYSTEM:CONSOLE /TLBID:1 /DYNAMICBASE /NXCOMPAT /IMPLIB:"c:\users\roni\documents\visual studio 2013\Projects\SuperMarket\Debug\SuperMarket.lib" /MACHINE:X86 Debug\Cart.obj
         Debug\CommandLineUI.obj
         Debug\IDatabase.obj
         Debug\Item.obj
         Debug\main.obj
         Debug\ProgramController.obj
         Debug\WarehouseManager.obj
     1>main.obj : error LNK2019: unresolved external symbol "public: __thiscall Item::~Item(void)" (??1Item@@QAE@XZ) referenced in function "public: __thiscall DiscountItem::DiscountItem(float,int,int,float,class std::basic_string<char,struct std::char_traits<char>,class std::allocator<char> >)" (??0DiscountItem@@QAE@MHHMV?$basic_string@DU?$char_traits@D@std@@V?$allocator@D@2@@std@@@Z)
     1>main.obj : error LNK2019: unresolved external symbol "public: __thiscall DiscountItem::~DiscountItem(void)" (??1DiscountItem@@QAE@XZ) referenced in function _main
     1>c:\users\roni\documents\visual studio 2013\Projects\SuperMarket\Debug\SuperMarket.exe : fatal error LNK1120: 2 unresolved externals
     1>Done Building Project "c:\Users\Roni\documents\visual studio 2013\Projects\SuperMarket\SuperMarket\SuperMarket.vcxproj" (Build target(s)) -- FAILED.

Build FAILED.

Time Elapsed 00:00:01.01
